Loaded 302 labels
Using 1704 frames
Loading YOLO cache from yolo_cache_test1.json...
  1704 frames cached
Loading calibration from calibration_test1.json...
  Format: 11v11  Box: goal

Seed: frame 5  pixel=(1059, 535)  world=(24.68,45.17)m
Local scale at seed: 42.9 px/m

--- Grid search v8 (world-space thresholds) ---
Backward seed: frame 1695  pixel=(960, 517)
  [10/50] best: score=0.4437 w30=129 w50=144 med=56px
  [20/50] best: score=0.4525 w30=131 w50=148 med=57px
  [30/50] best: score=0.4525 w30=131 w50=148 med=57px
  [40/50] best: score=0.4525 w30=131 w50=148 med=57px
  [50/50] best: score=0.4525 w30=131 w50=148 med=57px

Top 5:
  rand_5  score=0.4525  W30=131  W50=148  Med=57px
  rand_31  score=0.4459  W30=130  W50=144  Med=58px
  hand_2  score=0.4437  W30=129  W50=144  Med=56px
  rand_15  score=0.4294  W30=125  W50=139  Med=70px
  rand_11  score=0.4150  W30=119  W50=138  Med=66px

WINNER: score=0.4525  W30=131/302  W50=148/302  Median=57.4px
  Params: {'min_conf': 0.08, 'hard_reset_conf': 0.5, 'abc_protect_conf': 0.65, 'speed_limit': 4.449981720664334, 'vel_decay': 0.8886399876164743, 'abc_ratio': 0.5072620179910261, 'hc_thresh': 0.5, 'chain_margin': 6.927751904241679, 'gap_margin': 3.30524154160048, 'min_gap_for_filter': 4, 'interp_max_gap': 100, 'person_accept_r': 6.522248683020497, 'person_conf_min': 0.35, 'use_kalman_smooth': True, 'kalman_q_m': 0.26661925914762064}

Per-frame errors > 50px (winner):
  f  10  err=747px  gt=(1170,518)  pred=(425,470)
  f  15  err=648px  gt=(1188,505)  pred=(542,455)
  f  20  err=550px  gt=(1209,471)  pred=(660,440)
  f  25  err=427px  gt=(1204,423)  pred=(777,425)
  f  30  err=403px  gt=(1297,378)  pred=(895,410)
  f  35  err=403px  gt=(1412,343)  pred=(1012,395)
  f  40  err=383px  gt=(1508,315)  pred=(1130,379)
  f  45  err=324px  gt=(1567,313)  pred=(1247,365)
  f  50  err=123px  gt=(1539,320)  pred=(1420,353)
  f 105  err=73px  gt=(1280,518)  pred=(1212,491)
  f 170  err=69px  gt=(958,530)  pred=(1021,502)
  f 190  err=52px  gt=(987,517)  pred=(943,490)
  f 195  err=60px  gt=(978,512)  pred=(924,487)
  f 210  err=54px  gt=(918,464)  pred=(866,478)
  f 215  err=156px  gt=(948,462)  pred=(792,458)
  f 230  err=63px  gt=(778,417)  pred=(721,444)
  f 245  err=232px  gt=(854,480)  pred=(626,437)
  f 250  err=269px  gt=(924,482)  pred=(657,446)
  f 285  err=121px  gt=(614,476)  pred=(735,467)
  f 290  err=151px  gt=(592,476)  pred=(743,469)
  f 295  err=179px  gt=(572,475)  pred=(751,468)
  f 305  err=181px  gt=(595,464)  pred=(776,464)
  f 340  err=103px  gt=(387,477)  pred=(473,534)
  f 410  err=83px  gt=(769,489)  pred=(690,515)
  f 415  err=88px  gt=(759,501)  pred=(675,528)
  f 420  err=95px  gt=(745,500)  pred=(658,538)
  f 425  err=108px  gt=(730,504)  pred=(633,552)
  f 430  err=102px  gt=(704,511)  pred=(614,559)
  f 495  err=238px  gt=(1401,357)  pred=(1184,455)
  f 500  err=462px  gt=(1610,393)  pred=(1150,441)
  f 505  err=624px  gt=(1770,495)  pred=(1148,445)
  f 510  err=696px  gt=(1834,546)  pred=(1145,449)
  f 515  err=654px  gt=(1794,512)  pred=(1143,452)
  f 520  err=469px  gt=(1608,492)  pred=(1140,456)
  f 525  err=307px  gt=(1443,492)  pred=(1138,460)
  f 530  err=169px  gt=(1302,492)  pred=(1136,463)
  f 540  err=163px  gt=(990,496)  pred=(1153,493)
  f 550  err=347px  gt=(795,492)  pred=(1142,494)
  f 555  err=377px  gt=(760,489)  pred=(1137,495)
  f 560  err=238px  gt=(900,442)  pred=(1132,495)
  f 565  err=141px  gt=(991,460)  pred=(1127,496)
  f 570  err=123px  gt=(1002,468)  pred=(1122,497)
  f 575  err=72px  gt=(1044,492)  pred=(1116,498)
  f 585  err=56px  gt=(1064,501)  pred=(1120,498)
  f 590  err=209px  gt=(919,519)  pred=(1127,498)
  f 595  err=300px  gt=(835,519)  pred=(1134,498)
  f 600  err=275px  gt=(867,529)  pred=(1140,498)
  f 605  err=280px  gt=(868,525)  pred=(1147,498)
  f 610  err=312px  gt=(842,520)  pred=(1153,497)
  f 615  err=378px  gt=(782,510)  pred=(1160,498)
  f 620  err=330px  gt=(836,499)  pred=(1166,497)
  f 625  err=285px  gt=(888,493)  pred=(1173,497)
  f 630  err=244px  gt=(936,495)  pred=(1180,498)
  f 635  err=202px  gt=(984,504)  pred=(1186,496)
  f 640  err=161px  gt=(1033,510)  pred=(1193,496)
  f 645  err=112px  gt=(1087,506)  pred=(1199,496)
  f 650  err=118px  gt=(1088,505)  pred=(1206,496)
  f 655  err=81px  gt=(1131,505)  pred=(1212,497)
  f 680  err=109px  gt=(1171,501)  pred=(1280,496)
  f 685  err=113px  gt=(1204,508)  pred=(1316,497)
  f 690  err=59px  gt=(1294,506)  pred=(1352,497)
  f 815  err=131px  gt=(1278,535)  pred=(1152,501)
  f 820  err=107px  gt=(1273,480)  pred=(1169,505)
  f 825  err=66px  gt=(1232,463)  pred=(1186,510)
  f 835  err=64px  gt=(1221,482)  pred=(1165,514)
  f 840  err=80px  gt=(1154,477)  pred=(1077,498)
  f 850  err=561px  gt=(920,524)  pred=(1481,546)
  f 860  err=794px  gt=(774,403)  pred=(1560,513)
  f 865  err=1031px  gt=(696,355)  pred=(1716,505)
  f 875  err=1018px  gt=(619,519)  pred=(1637,491)
  f 880  err=979px  gt=(619,456)  pred=(1598,484)
  f 885  err=997px  gt=(562,488)  pred=(1559,478)
  f 890  err=828px  gt=(693,438)  pred=(1520,471)
  f 895  err=674px  gt=(807,442)  pred=(1481,465)
  f 900  err=549px  gt=(897,524)  pred=(1442,458)
  f 915  err=495px  gt=(877,510)  pred=(1369,456)
  f 930  err=334px  gt=(1014,514)  pred=(1346,474)
  f 940  err=192px  gt=(1141,514)  pred=(1331,486)
  f 945  err=147px  gt=(1177,500)  pred=(1324,492)
  f 950  err=230px  gt=(1087,474)  pred=(1316,498)
  f 955  err=323px  gt=(985,493)  pred=(1308,505)
  f 960  err=385px  gt=(922,490)  pred=(1307,506)
  f 970  err=297px  gt=(981,489)  pred=(1278,503)
  f 975  err=164px  gt=(1100,490)  pred=(1264,502)
  f 980  err=65px  gt=(1184,494)  pred=(1249,500)
  f1015  err=73px  gt=(1154,514)  pred=(1226,500)
  f1020  err=101px  gt=(1116,518)  pred=(1215,497)
  f1025  err=98px  gt=(1106,512)  pred=(1202,494)
  f1030  err=86px  gt=(1105,502)  pred=(1190,491)
  f1050  err=122px  gt=(1260,502)  pred=(1140,479)
  f1055  err=176px  gt=(1305,511)  pred=(1132,477)
  f1060  err=194px  gt=(1326,511)  pred=(1135,475)
  f1065  err=198px  gt=(1332,507)  pred=(1137,473)
  f1225  err=259px  gt=(892,549)  pred=(1144,489)
  f1230  err=415px  gt=(781,499)  pred=(1195,476)
  f1235  err=504px  gt=(685,448)  pred=(1189,465)
  f1240  err=650px  gt=(624,492)  pred=(1273,451)
  f1245  err=743px  gt=(596,472)  pred=(1338,442)
  f1250  err=758px  gt=(576,496)  pred=(1332,447)
  f1255  err=624px  gt=(566,482)  pred=(1190,459)
  f1260  err=680px  gt=(574,482)  pred=(1253,447)
  f1265  err=588px  gt=(574,463)  pred=(1162,442)
  f1270  err=634px  gt=(571,446)  pred=(1205,425)
  f1275  err=616px  gt=(576,430)  pred=(1192,418)
  f1280  err=602px  gt=(592,428)  pred=(1194,413)
  f1285  err=590px  gt=(614,433)  pred=(1204,413)
  f1290  err=574px  gt=(639,436)  pred=(1213,413)
  f1295  err=572px  gt=(652,446)  pred=(1223,413)
  f1300  err=425px  gt=(668,447)  pred=(1093,429)
  f1305  err=562px  gt=(696,445)  pred=(1257,416)
  f1310  err=574px  gt=(726,446)  pred=(1299,414)
  f1315  err=426px  gt=(745,453)  pred=(1170,432)
  f1320  err=427px  gt=(746,465)  pred=(1173,445)
  f1325  err=418px  gt=(744,484)  pred=(1161,458)
  f1335  err=545px  gt=(757,504)  pred=(1299,450)
  f1340  err=373px  gt=(766,505)  pred=(1136,458)
  f1345  err=421px  gt=(759,511)  pred=(1177,457)
  f1350  err=381px  gt=(760,518)  pred=(1137,461)
  f1355  err=366px  gt=(765,519)  pred=(1127,463)
  f1360  err=351px  gt=(765,508)  pred=(1112,458)
  f1365  err=310px  gt=(774,505)  pred=(1080,457)
  f1370  err=221px  gt=(783,498)  pred=(1001,463)
  f1375  err=118px  gt=(800,490)  pred=(916,471)
  f1430  err=258px  gt=(1114,428)  pred=(862,482)
  f1435  err=612px  gt=(1513,385)  pred=(908,475)
  f1440  err=894px  gt=(1891,398)  pred=(998,441)
  f1455  err=681px  gt=(1801,480)  pred=(1121,451)
  f1465  err=161px  gt=(1297,480)  pred=(1136,491)
  f1505  err=100px  gt=(886,342)  pred=(965,404)
  f1510  err=221px  gt=(780,289)  pred=(961,415)
  f1515  err=265px  gt=(729,289)  pred=(956,426)
  f1520  err=238px  gt=(728,349)  pred=(949,436)
  f1525  err=182px  gt=(763,441)  pred=(945,445)
  f1530  err=118px  gt=(835,511)  pred=(939,456)
  f1540  err=688px  gt=(974,480)  pred=(1655,575)
  f1545  err=714px  gt=(978,524)  pred=(1690,576)
  f1550  err=783px  gt=(943,524)  pred=(1724,577)
  f1565  err=751px  gt=(1078,526)  pred=(1827,581)
  f1570  err=801px  gt=(1064,502)  pred=(1861,582)
  f1575  err=834px  gt=(1063,523)  pred=(1895,583)
  f1580  err=790px  gt=(1092,522)  pred=(1879,586)
  f1585  err=685px  gt=(1125,525)  pred=(1808,582)
  f1595  err=511px  gt=(1282,518)  pred=(771,513)
  f1600  err=724px  gt=(1317,520)  pred=(593,501)
  f1610  err=207px  gt=(1250,486)  pred=(1044,506)
  f1620  err=530px  gt=(1023,475)  pred=(493,467)
  f1630  err=435px  gt=(847,512)  pred=(412,503)
  f1645  err=79px  gt=(936,475)  pred=(867,513)
  f1660  err=179px  gt=(720,477)  pred=(895,514)
  f1665  err=273px  gt=(633,478)  pred=(904,513)
  f1670  err=232px  gt=(682,489)  pred=(913,515)
  f1675  err=192px  gt=(730,510)  pred=(922,514)
  f1680  err=149px  gt=(783,525)  pred=(932,514)
  f1685  err=141px  gt=(800,524)  pred=(941,516)
  Total misses > 50px: 154/302
Saved analysis to tracking_analysis_v8_bidir.txt
Saved tracking_test1_v8_bidir.mp4
